<?xml version="1.0" encoding="UTF-8"?>
<!-- Generated by org.testng.reporters.JUnitXMLReporter -->
<testsuite ignored="0" hostname="Dell7000" failures="1" tests="8" name="EmployeesRestAPITest" time="5.256" errors="0" timestamp="20 Oct 2019 13:38:37 GMT">
  <testcase classname="com.employeeapi.testcases.TC001_GET_All_employees" name="checkContentEncoding" time="0.009"/>
  <testcase classname="com.employeeapi.testcases.TC001_GET_All_employees" name="checkContentLength" time="0.002">
    <failure type="java.lang.AssertionError" message="expected [true] but found [false]">
      <![CDATA[java.lang.AssertionError: expected [true] but found [false]
at com.employeeapi.testcases.TC001_GET_All_employees.checkContentLength(TC001_GET_All_employees.java:94)
... Removed 29 stack frames]]>
    </failure>
  </testcase> <!-- checkContentLength -->
  <testcase classname="com.employeeapi.testcases.TC001_GET_All_employees" name="checkContentType" time="0.002"/>
  <testcase classname="com.employeeapi.testcases.TC001_GET_All_employees" name="checkResponseBody" time="0.018"/>
  <testcase classname="com.employeeapi.testcases.TC001_GET_All_employees" name="checkResponseTime" time="0.001"/>
  <testcase classname="com.employeeapi.testcases.TC001_GET_All_employees" name="checkServerType" time="0.002"/>
  <testcase classname="com.employeeapi.testcases.TC001_GET_All_employees" name="checkStatusCode" time="0.001"/>
  <testcase classname="com.employeeapi.testcases.TC001_GET_All_employees" name="checkStatusLine" time="0.003"/>
</testsuite> <!-- EmployeesRestAPITest -->
