<?xml version="1.0" encoding="UTF-8"?>
<testng-results ignored="0" total="3" passed="3" failed="0" skipped="0">
  <reporter-output>
  </reporter-output>
  <suite started-at="2019-10-20T16:17:43Z" name="Default suite" finished-at="2019-10-20T16:17:45Z" duration-ms="1618">
    <groups>
    </groups>
    <test started-at="2019-10-20T16:17:43Z" name="Default test" finished-at="2019-10-20T16:17:45Z" duration-ms="1618">
      <class name="com.demoqa.authentication.testcases.RestAssuredAuthenticationTest">
        <test-method is-config="true" signature="setup()[pri:0, instance:com.demoqa.authentication.testcases.RestAssuredAuthenticationTest@5fbe4146]" started-at="2019-10-20T16:17:44Z" name="setup" finished-at="2019-10-20T16:17:44Z" duration-ms="348" status="PASS">
          <reporter-output>
          </reporter-output>
        </test-method> <!-- setup -->
        <test-method signature="testResponse()[pri:0, instance:com.demoqa.authentication.testcases.RestAssuredAuthenticationTest@5fbe4146]" started-at="2019-10-20T16:17:44Z" name="testResponse" finished-at="2019-10-20T16:17:45Z" duration-ms="878" status="PASS">
          <reporter-output>
          </reporter-output>
        </test-method> <!-- testResponse -->
        <test-method signature="testStatsusCode()[pri:0, instance:com.demoqa.authentication.testcases.RestAssuredAuthenticationTest@5fbe4146]" started-at="2019-10-20T16:17:45Z" name="testStatsusCode" finished-at="2019-10-20T16:17:45Z" duration-ms="178" status="PASS">
          <reporter-output>
          </reporter-output>
        </test-method> <!-- testStatsusCode -->
        <test-method signature="testWithInvalidCredential()[pri:0, instance:com.demoqa.authentication.testcases.RestAssuredAuthenticationTest@5fbe4146]" started-at="2019-10-20T16:17:45Z" name="testWithInvalidCredential" finished-at="2019-10-20T16:17:45Z" duration-ms="168" status="PASS">
          <reporter-output>
          </reporter-output>
        </test-method> <!-- testWithInvalidCredential -->
      </class> <!-- com.demoqa.authentication.testcases.RestAssuredAuthenticationTest -->
    </test> <!-- Default test -->
  </suite> <!-- Default suite -->
</testng-results>
